-------------------------------------------------------------------------------
Test set: trainAppMaven.mainTest
-------------------------------------------------------------------------------
Tests run: 1, Failures: 1, Errors: 0, Skipped: 0, Time elapsed: 0.069 sec <<< FAILURE!
trainAppMaven.mainTest.testAll()  Time elapsed: 0.069 sec  <<< FAILURE!
java.lang.ArrayIndexOutOfBoundsException: Index 4 out of bounds for length 4
	at trainAppMaven.mainTest.testAll(mainTest.java:63)

